Using pre-set license
Built from '2020.3/release' branch; Version is '2020.3.1f1 (77a89f25062f) revision 7841951'; Using compiler version '192528614'; Build Type 'Release'
OS: 'Windows 10 Home; OS build 19042.1110; Version 2009; 64bit' Language: 'ru' Physical Memory: 16340 MB
BatchMode: 1, IsHumanControllingUs: 0, StartBugReporterOnCrash: 0, Is64bit: 1, IsPro: 0

 COMMAND LINE ARGUMENTS:
C:\Program Files\Unity\Hub\Editor\2020.3.1f1\Editor\Unity.exe
-adb2
-batchMode
-noUpm
-name
AssetImportWorker0
-projectPath
C:/GameDev/Projects/FunkyMonkey/Unity/FMSuperflyPublic
-logFile
Logs/AssetImportWorker0.log
-srvPort
61387
Successfully changed project path to: C:/GameDev/Projects/FunkyMonkey/Unity/FMSuperflyPublic
C:/GameDev/Projects/FunkyMonkey/Unity/FMSuperflyPublic
Using Asset Import Pipeline V2.
Refreshing native plugins compatible for Editor in 62.01 ms, found 0 plugins.
Preloading 0 native plugins for Editor in 0.00 ms.
Initialize engine version: 2020.3.1f1 (77a89f25062f)
[Subsystems] Discovering subsystems at path C:/Program Files/Unity/Hub/Editor/2020.3.1f1/Editor/Data/Resources/UnitySubsystems
[Subsystems] Discovering subsystems at path C:/GameDev/Projects/FunkyMonkey/Unity/FMSuperflyPublic/Assets
GfxDevice: creating device client; threaded=0
Direct3D:
    Version:  Direct3D 11.0 [level 11.1]
    Renderer: NVIDIA GeForce GTX 950 (ID=0x1402)
    Vendor:   
    VRAM:     2007 MB
    Driver:   27.21.14.5671
Shader 'Universal Render Pipeline/Particles/Lit': fallback shader 'Universal Render Pipeline/Particles/SimpleLit' not found
Initialize mono
Mono path[0] = 'C:/Program Files/Unity/Hub/Editor/2020.3.1f1/Editor/Data/Managed'
Mono path[1] = 'C:/Program Files/Unity/Hub/Editor/2020.3.1f1/Editor/Data/MonoBleedingEdge/lib/mono/unityjit'
Mono config path = 'C:/Program Files/Unity/Hub/Editor/2020.3.1f1/Editor/Data/MonoBleedingEdge/etc'
Using monoOptions --debugger-agent=transport=dt_socket,embedding=1,server=y,suspend=n,address=127.0.0.1:56028
Begin MonoManager ReloadAssembly
Registering precompiled unity dll's ...
Register platform support module: C:/Program Files/Unity/Hub/Editor/2020.3.1f1/Editor/Data/PlaybackEngines/WebGLSupport/UnityEditor.WebGL.Extensions.dll
Register platform support module: C:/Program Files/Unity/Hub/Editor/2020.3.1f1/Editor/Data/PlaybackEngines/WindowsStandaloneSupport/UnityEditor.WindowsStandalone.Extensions.dll
Registered in 0.002283 seconds.
Native extension for WindowsStandalone target not found
Native extension for WebGL target not found
Refreshing native plugins compatible for Editor in 43.97 ms, found 0 plugins.
Preloading 0 native plugins for Editor in 0.00 ms.
Invoked RoslynAnalysisRunner static constructor.
RoslynAnalysisRunner will not be running.
RoslynAnalysisRunner has terminated.
Mono: successfully reloaded assembly
- Completed reload, in  2.067 seconds
Platform modules already initialized, skipping
Registering precompiled user dll's ...
Registered in 0.001804 seconds.
Begin MonoManager ReloadAssembly
Native extension for WindowsStandalone target not found
Native extension for WebGL target not found
Refreshing native plugins compatible for Editor in 43.52 ms, found 0 plugins.
Preloading 0 native plugins for Editor in 0.00 ms.
Invoked RoslynAnalysisRunner static constructor.
RoslynAnalysisRunner will not be running.
RoslynAnalysisRunner has terminated.
Mono: successfully reloaded assembly
- Completed reload, in  1.015 seconds
Platform modules already initialized, skipping
========================================================================
Worker process is ready to serve import requests
Shader 'Universal Render Pipeline/Particles/Lit': fallback shader 'Universal Render Pipeline/Particles/SimpleLit' not found
Launched and connected shader compiler UnityShaderCompiler.exe after 0.05 seconds
Refreshing native plugins compatible for Editor in 0.37 ms, found 0 plugins.
Preloading 0 native plugins for Editor in 0.00 ms.
Unloading 2526 Unused Serialized files (Serialized files now loaded: 0)
System memory in use before: 122.8 MB.
System memory in use after: 121.7 MB.

Unloading 35 unused Assets to reduce memory usage. Loaded Objects now: 2968.
Total: 3.198200 ms (FindLiveObjects: 0.451900 ms CreateObjectMapping: 0.322400 ms MarkObjects: 1.796400 ms  DeleteObjects: 0.626100 ms)

========================================================================
Received Import Request.
  path: Assets/SidePartyAssets/FreeAssets/3LE Low Poly Cloud Pack/Prefabs/Clouds_Cumulonimbus_G2.prefab
  artifactKey: Guid(20822131f7a068849967c4eb0328c80d) Importer(815301076,1909f56bfc062723c751e8b465ee728b)
Start importing Assets/SidePartyAssets/FreeAssets/3LE Low Poly Cloud Pack/Prefabs/Clouds_Cumulonimbus_G2.prefab using Guid(20822131f7a068849967c4eb0328c80d) Importer(815301076,1909f56bfc062723c751e8b465ee728b)  -> (artifact id: '71438f4b29b9b9b15e410cc1ca5536a2') in 0.530783 seconds
  Import took 0.534601 seconds .

========================================================================
Received Import Request.
  Time since last request: 0.000281 seconds.
  path: Assets/SidePartyAssets/FreeAssets/3LE Low Poly Cloud Pack/Prefabs/Clouds_Stratus_G2.prefab
  artifactKey: Guid(bcea47ee6f529ae49bd4e17c7203013a) Importer(815301076,1909f56bfc062723c751e8b465ee728b)
Start importing Assets/SidePartyAssets/FreeAssets/3LE Low Poly Cloud Pack/Prefabs/Clouds_Stratus_G2.prefab using Guid(bcea47ee6f529ae49bd4e17c7203013a) Importer(815301076,1909f56bfc062723c751e8b465ee728b)  -> (artifact id: 'f10d1e987a3a0d925033684d86285754') in 0.015867 seconds
  Import took 0.019301 seconds .

========================================================================
Received Import Request.
  Time since last request: 0.000294 seconds.
  path: Assets/SidePartyAssets/FreeAssets/3LE Low Poly Cloud Pack/Prefabs/Clouds_Cumulonimbus_G1.prefab
  artifactKey: Guid(7a7ada80b7910bb47aa7c5434361abb6) Importer(815301076,1909f56bfc062723c751e8b465ee728b)
Start importing Assets/SidePartyAssets/FreeAssets/3LE Low Poly Cloud Pack/Prefabs/Clouds_Cumulonimbus_G1.prefab using Guid(7a7ada80b7910bb47aa7c5434361abb6) Importer(815301076,1909f56bfc062723c751e8b465ee728b)  -> (artifact id: '9945e268e107d331be958c01a22fe149') in 0.017810 seconds
  Import took 0.023060 seconds .

========================================================================
Received Import Request.
  Time since last request: 0.000194 seconds.
  path: Assets/SidePartyAssets/FreeAssets/3LE Low Poly Cloud Pack/Prefabs/Clouds_Swirls_G2.prefab
  artifactKey: Guid(89b3a320a09b72848bd1a24f275e683e) Importer(815301076,1909f56bfc062723c751e8b465ee728b)
Start importing Assets/SidePartyAssets/FreeAssets/3LE Low Poly Cloud Pack/Prefabs/Clouds_Swirls_G2.prefab using Guid(89b3a320a09b72848bd1a24f275e683e) Importer(815301076,1909f56bfc062723c751e8b465ee728b)  -> (artifact id: 'bc769f9154426e67afe18acfc6187ded') in 0.022384 seconds
  Import took 0.026616 seconds .

========================================================================
Received Import Request.
  Time since last request: 0.000195 seconds.
  path: Assets/SidePartyAssets/FreeAssets/3LE Low Poly Cloud Pack/Prefabs/Clouds_Strato_G2.prefab
  artifactKey: Guid(79f3726e667d7254296b8aef52d0f074) Importer(815301076,1909f56bfc062723c751e8b465ee728b)
Start importing Assets/SidePartyAssets/FreeAssets/3LE Low Poly Cloud Pack/Prefabs/Clouds_Strato_G2.prefab using Guid(79f3726e667d7254296b8aef52d0f074) Importer(815301076,1909f56bfc062723c751e8b465ee728b)  -> (artifact id: 'c5c0c325cbb74af56e78dbc960fa56a0') in 0.007704 seconds
  Import took 0.012383 seconds .

========================================================================
Received Import Request.
  Time since last request: 0.000295 seconds.
  path: Assets/SidePartyAssets/FreeAssets/3LE Low Poly Cloud Pack/Prefabs/Clouds_Strato_G1.prefab
  artifactKey: Guid(9ee1a2ad264aa2040bef16ca093d6046) Importer(815301076,1909f56bfc062723c751e8b465ee728b)
Start importing Assets/SidePartyAssets/FreeAssets/3LE Low Poly Cloud Pack/Prefabs/Clouds_Strato_G1.prefab using Guid(9ee1a2ad264aa2040bef16ca093d6046) Importer(815301076,1909f56bfc062723c751e8b465ee728b)  -> (artifact id: 'c03c13d2cdfb81c317affaab96c99135') in 0.014820 seconds
  Import took 0.019640 seconds .

========================================================================
Received Import Request.
  Time since last request: 0.000252 seconds.
  path: Assets/SidePartyAssets/FreeAssets/3LE Low Poly Cloud Pack/Prefabs/Clouds_Cumulus_G2.prefab
  artifactKey: Guid(e5a9e0b66bb8a8b47a28819231a34fc2) Importer(815301076,1909f56bfc062723c751e8b465ee728b)
Start importing Assets/SidePartyAssets/FreeAssets/3LE Low Poly Cloud Pack/Prefabs/Clouds_Cumulus_G2.prefab using Guid(e5a9e0b66bb8a8b47a28819231a34fc2) Importer(815301076,1909f56bfc062723c751e8b465ee728b)  -> (artifact id: 'bd2019184c98a133103b50da3b1cfd9d') in 0.020193 seconds
  Import took 0.024502 seconds .

========================================================================
Received Import Request.
  Time since last request: 0.000228 seconds.
  path: Assets/SidePartyAssets/FreeAssets/3LE Low Poly Cloud Pack/Prefabs/Clouds_Swirls_G1.prefab
  artifactKey: Guid(b94cc7cff6b6e2645a5e7c1ce686314b) Importer(815301076,1909f56bfc062723c751e8b465ee728b)
Start importing Assets/SidePartyAssets/FreeAssets/3LE Low Poly Cloud Pack/Prefabs/Clouds_Swirls_G1.prefab using Guid(b94cc7cff6b6e2645a5e7c1ce686314b) Importer(815301076,1909f56bfc062723c751e8b465ee728b)  -> (artifact id: 'cce6f78fcce7252515b3ef3c4f154e60') in 0.012984 seconds
  Import took 0.018434 seconds .

========================================================================
Received Import Request.
  Time since last request: 0.000211 seconds.
  path: Assets/SidePartyAssets/FreeAssets/3LE Low Poly Cloud Pack/Prefabs/Clouds_Cumulus_G1.prefab
  artifactKey: Guid(decc2ba5add7b984aab134a07b436422) Importer(815301076,1909f56bfc062723c751e8b465ee728b)
Start importing Assets/SidePartyAssets/FreeAssets/3LE Low Poly Cloud Pack/Prefabs/Clouds_Cumulus_G1.prefab using Guid(decc2ba5add7b984aab134a07b436422) Importer(815301076,1909f56bfc062723c751e8b465ee728b)  -> (artifact id: '3870fa324d870410f6828af5dc3caaef') in 0.012765 seconds
  Import took 0.016342 seconds .

========================================================================
Received Import Request.
  Time since last request: 0.000224 seconds.
  path: Assets/SidePartyAssets/FreeAssets/3LE Low Poly Cloud Pack/Prefabs/Clouds_Stratus_G1.prefab
  artifactKey: Guid(01bebc0732355504095ed95d90508654) Importer(815301076,1909f56bfc062723c751e8b465ee728b)
Start importing Assets/SidePartyAssets/FreeAssets/3LE Low Poly Cloud Pack/Prefabs/Clouds_Stratus_G1.prefab using Guid(01bebc0732355504095ed95d90508654) Importer(815301076,1909f56bfc062723c751e8b465ee728b)  -> (artifact id: 'fa55dfa6d20fb32bd4d2e72ef2220136') in 0.012446 seconds
  Import took 0.016158 seconds .

========================================================================
Received Prepare
Registering precompiled user dll's ...
Registered in 0.001799 seconds.
Begin MonoManager ReloadAssembly
Native extension for WindowsStandalone target not found
Native extension for WebGL target not found
Refreshing native plugins compatible for Editor in 0.39 ms, found 0 plugins.
Preloading 0 native plugins for Editor in 0.00 ms.
Invoked RoslynAnalysisRunner static constructor.
RoslynAnalysisRunner will not be running.
RoslynAnalysisRunner has terminated.
Mono: successfully reloaded assembly
- Completed reload, in  1.372 seconds
Platform modules already initialized, skipping
Switching build target platform(5) subTarget(0) extendedPlatform(0) -> platform(13) subTarget(537395200) extendedPlatform(0)
Shader 'Universal Render Pipeline/Particles/Lit': fallback shader 'Universal Render Pipeline/Particles/SimpleLit' not found
Refreshing native plugins compatible for Editor in 0.40 ms, found 0 plugins.
Preloading 0 native plugins for Editor in 0.00 ms.
Unloading 2443 Unused Serialized files (Serialized files now loaded: 0)
System memory in use before: 123.0 MB.
System memory in use after: 122.0 MB.

Unloading 30 unused Assets to reduce memory usage. Loaded Objects now: 3016.
Total: 2.779100 ms (FindLiveObjects: 0.212000 ms CreateObjectMapping: 0.090700 ms MarkObjects: 1.892200 ms  DeleteObjects: 0.583500 ms)

AssetImportParameters requested are different than current active one (requested -> active):
  custom:graphics/normal-map-encoding: 01000000000000000000000000000000 -> 02000000000000000000000000000000
========================================================================
Received Import Request.
  Time since last request: 70.555334 seconds.
  path: Assets/SidePartyAssets/FreeAssets/3LE Low Poly Cloud Pack/Prefabs/Clouds_Strato_G1.prefab
  artifactKey: Guid(9ee1a2ad264aa2040bef16ca093d6046) Importer(815301076,1909f56bfc062723c751e8b465ee728b)
Start importing Assets/SidePartyAssets/FreeAssets/3LE Low Poly Cloud Pack/Prefabs/Clouds_Strato_G1.prefab using Guid(9ee1a2ad264aa2040bef16ca093d6046) Importer(815301076,1909f56bfc062723c751e8b465ee728b)  -> (artifact id: '1f55b1fc11ec204fac0ff8448dd078fe') in 0.352173 seconds
  Import took 0.356285 seconds .

========================================================================
Received Import Request.
  Time since last request: 0.000380 seconds.
  path: Assets/SidePartyAssets/FreeAssets/3LE Low Poly Cloud Pack/Prefabs/Clouds_Strato_G2.prefab
  artifactKey: Guid(79f3726e667d7254296b8aef52d0f074) Importer(815301076,1909f56bfc062723c751e8b465ee728b)
Start importing Assets/SidePartyAssets/FreeAssets/3LE Low Poly Cloud Pack/Prefabs/Clouds_Strato_G2.prefab using Guid(79f3726e667d7254296b8aef52d0f074) Importer(815301076,1909f56bfc062723c751e8b465ee728b)  -> (artifact id: 'b8923f690d421a73d18db3a7b8f84b66') in 0.008320 seconds
  Import took 0.012013 seconds .

========================================================================
Received Prepare
Registering precompiled user dll's ...
Registered in 0.001911 seconds.
Begin MonoManager ReloadAssembly
Native extension for WindowsStandalone target not found
Native extension for WebGL target not found
Refreshing native plugins compatible for Editor in 0.37 ms, found 0 plugins.
Preloading 0 native plugins for Editor in 0.00 ms.
Invoked RoslynAnalysisRunner static constructor.
RoslynAnalysisRunner will not be running.
RoslynAnalysisRunner has terminated.
Mono: successfully reloaded assembly
- Completed reload, in  1.250 seconds
Platform modules already initialized, skipping
Switching build target platform(5) subTarget(0) extendedPlatform(0) -> platform(13) subTarget(537395200) extendedPlatform(0)
Shader 'Universal Render Pipeline/Particles/Lit': fallback shader 'Universal Render Pipeline/Particles/SimpleLit' not found
Refreshing native plugins compatible for Editor in 0.40 ms, found 0 plugins.
Preloading 0 native plugins for Editor in 0.00 ms.
Unloading 2443 Unused Serialized files (Serialized files now loaded: 0)
System memory in use before: 123.2 MB.
System memory in use after: 122.2 MB.

Unloading 30 unused Assets to reduce memory usage. Loaded Objects now: 3056.
Total: 2.768900 ms (FindLiveObjects: 0.298900 ms CreateObjectMapping: 0.113300 ms MarkObjects: 1.681600 ms  DeleteObjects: 0.673800 ms)

AssetImportParameters requested are different than current active one (requested -> active):
  custom:graphics/normal-map-encoding: 01000000000000000000000000000000 -> 02000000000000000000000000000000
========================================================================
Received Import Request.
  Time since last request: 90.924997 seconds.
  path: Assets/SidePartyAssets/FreeAssets/3LE Low Poly Cloud Pack/Prefabs/Clouds_Strato_G1.prefab
  artifactKey: Guid(9ee1a2ad264aa2040bef16ca093d6046) Importer(815301076,1909f56bfc062723c751e8b465ee728b)
Start importing Assets/SidePartyAssets/FreeAssets/3LE Low Poly Cloud Pack/Prefabs/Clouds_Strato_G1.prefab using Guid(9ee1a2ad264aa2040bef16ca093d6046) Importer(815301076,1909f56bfc062723c751e8b465ee728b)  -> (artifact id: 'c4224a11d0f7e8eef52791bae993a03a') in 0.160764 seconds
  Import took 0.166717 seconds .

========================================================================
Received Import Request.
  Time since last request: 4.187435 seconds.
  path: Assets/SidePartyAssets/FreeAssets/3LE Low Poly Cloud Pack/Prefabs/Clouds_Strato_G2.prefab
  artifactKey: Guid(79f3726e667d7254296b8aef52d0f074) Importer(815301076,1909f56bfc062723c751e8b465ee728b)
Start importing Assets/SidePartyAssets/FreeAssets/3LE Low Poly Cloud Pack/Prefabs/Clouds_Strato_G2.prefab using Guid(79f3726e667d7254296b8aef52d0f074) Importer(815301076,1909f56bfc062723c751e8b465ee728b)  -> (artifact id: 'b751ef3b5a21fb222aa063a016b743ba') in 0.009709 seconds
  Import took 0.013758 seconds .

========================================================================
Received Prepare
Registering precompiled user dll's ...
Registered in 0.001868 seconds.
Begin MonoManager ReloadAssembly
Native extension for WindowsStandalone target not found
Native extension for WebGL target not found
Refreshing native plugins compatible for Editor in 0.46 ms, found 0 plugins.
Preloading 0 native plugins for Editor in 0.00 ms.
Invoked RoslynAnalysisRunner static constructor.
RoslynAnalysisRunner will not be running.
RoslynAnalysisRunner has terminated.
Mono: successfully reloaded assembly
- Completed reload, in  0.864 seconds
Platform modules already initialized, skipping
Switching build target platform(5) subTarget(0) extendedPlatform(0) -> platform(13) subTarget(537395200) extendedPlatform(0)
Shader 'Universal Render Pipeline/Particles/Lit': fallback shader 'Universal Render Pipeline/Particles/SimpleLit' not found
Refreshing native plugins compatible for Editor in 0.49 ms, found 0 plugins.
Preloading 0 native plugins for Editor in 0.00 ms.
Unloading 2443 Unused Serialized files (Serialized files now loaded: 0)
System memory in use before: 123.4 MB.
System memory in use after: 122.3 MB.

Unloading 30 unused Assets to reduce memory usage. Loaded Objects now: 3095.
Total: 3.957300 ms (FindLiveObjects: 0.337300 ms CreateObjectMapping: 0.143700 ms MarkObjects: 2.612500 ms  DeleteObjects: 0.862500 ms)

AssetImportParameters requested are different than current active one (requested -> active):
  custom:graphics/normal-map-encoding: 01000000000000000000000000000000 -> 02000000000000000000000000000000
========================================================================
Received Import Request.
  Time since last request: 47.249129 seconds.
  path: Assets/SidePartyAssets/FreeAssets/3LE Low Poly Cloud Pack/Prefabs/Clouds_Strato_G1.prefab
  artifactKey: Guid(9ee1a2ad264aa2040bef16ca093d6046) Importer(815301076,1909f56bfc062723c751e8b465ee728b)
Start importing Assets/SidePartyAssets/FreeAssets/3LE Low Poly Cloud Pack/Prefabs/Clouds_Strato_G1.prefab using Guid(9ee1a2ad264aa2040bef16ca093d6046) Importer(815301076,1909f56bfc062723c751e8b465ee728b)  -> (artifact id: 'e2e29f3b0168bea401c50566d86c6531') in 0.180467 seconds
  Import took 0.185236 seconds .

========================================================================
Received Import Request.
  Time since last request: 0.000711 seconds.
  path: Assets/SidePartyAssets/FreeAssets/3LE Low Poly Cloud Pack/Prefabs/Clouds_Strato_G1.prefab
  artifactKey: Guid(9ee1a2ad264aa2040bef16ca093d6046) Importer(815301076,1909f56bfc062723c751e8b465ee728b)
Start importing Assets/SidePartyAssets/FreeAssets/3LE Low Poly Cloud Pack/Prefabs/Clouds_Strato_G1.prefab using Guid(9ee1a2ad264aa2040bef16ca093d6046) Importer(815301076,1909f56bfc062723c751e8b465ee728b)  -> (artifact id: 'e2e29f3b0168bea401c50566d86c6531') in 0.008315 seconds
  Import took 0.012155 seconds .

========================================================================
Received Import Request.
  Time since last request: 10.233942 seconds.
  path: Assets/SidePartyAssets/FreeAssets/3LE Low Poly Cloud Pack/Prefabs/Clouds_Strato_G2.prefab
  artifactKey: Guid(79f3726e667d7254296b8aef52d0f074) Importer(815301076,1909f56bfc062723c751e8b465ee728b)
Start importing Assets/SidePartyAssets/FreeAssets/3LE Low Poly Cloud Pack/Prefabs/Clouds_Strato_G2.prefab using Guid(79f3726e667d7254296b8aef52d0f074) Importer(815301076,1909f56bfc062723c751e8b465ee728b)  -> (artifact id: '5d607723354c8dd7cfa58c96b81ff590') in 0.010841 seconds
  Import took 0.015168 seconds .

========================================================================
Received Import Request.
  Time since last request: 4.437583 seconds.
  path: Assets/SidePartyAssets/FreeAssets/3LE Low Poly Cloud Pack/Prefabs/Clouds_Strato_G2.prefab
  artifactKey: Guid(79f3726e667d7254296b8aef52d0f074) Importer(815301076,1909f56bfc062723c751e8b465ee728b)
Start importing Assets/SidePartyAssets/FreeAssets/3LE Low Poly Cloud Pack/Prefabs/Clouds_Strato_G2.prefab using Guid(79f3726e667d7254296b8aef52d0f074) Importer(815301076,1909f56bfc062723c751e8b465ee728b)  -> (artifact id: '8e4f73fdd06e63a7b657b11d5bfff908') in 0.009766 seconds
  Import took 0.014134 seconds .

========================================================================
Received Prepare
Registering precompiled user dll's ...
Registered in 0.001830 seconds.
Begin MonoManager ReloadAssembly
Native extension for WindowsStandalone target not found
Native extension for WebGL target not found
Refreshing native plugins compatible for Editor in 0.38 ms, found 0 plugins.
Preloading 0 native plugins for Editor in 0.00 ms.
Invoked RoslynAnalysisRunner static constructor.
RoslynAnalysisRunner will not be running.
RoslynAnalysisRunner has terminated.
Mono: successfully reloaded assembly
- Completed reload, in  0.884 seconds
Platform modules already initialized, skipping
Switching build target platform(5) subTarget(0) extendedPlatform(0) -> platform(13) subTarget(537395200) extendedPlatform(0)
Shader 'Universal Render Pipeline/Particles/Lit': fallback shader 'Universal Render Pipeline/Particles/SimpleLit' not found
Refreshing native plugins compatible for Editor in 0.51 ms, found 0 plugins.
Preloading 0 native plugins for Editor in 0.00 ms.
Unloading 2443 Unused Serialized files (Serialized files now loaded: 0)
System memory in use before: 123.4 MB.
System memory in use after: 122.4 MB.

Unloading 30 unused Assets to reduce memory usage. Loaded Objects now: 3134.
Total: 3.900600 ms (FindLiveObjects: 0.368500 ms CreateObjectMapping: 0.203500 ms MarkObjects: 2.404400 ms  DeleteObjects: 0.922500 ms)

AssetImportParameters requested are different than current active one (requested -> active):
  custom:graphics/normal-map-encoding: 01000000000000000000000000000000 -> 02000000000000000000000000000000
========================================================================
Received Prepare
Registering precompiled user dll's ...
Registered in 0.001783 seconds.
Begin MonoManager ReloadAssembly
Native extension for WindowsStandalone target not found
Native extension for WebGL target not found
Refreshing native plugins compatible for Editor in 0.38 ms, found 0 plugins.
Preloading 0 native plugins for Editor in 0.00 ms.
Invoked RoslynAnalysisRunner static constructor.
RoslynAnalysisRunner will not be running.
RoslynAnalysisRunner has terminated.
Mono: successfully reloaded assembly
- Completed reload, in  1.179 seconds
Platform modules already initialized, skipping
Switching build target platform(5) subTarget(0) extendedPlatform(0) -> platform(13) subTarget(537395200) extendedPlatform(0)
Shader 'Universal Render Pipeline/Particles/Lit': fallback shader 'Universal Render Pipeline/Particles/SimpleLit' not found
Refreshing native plugins compatible for Editor in 0.39 ms, found 0 plugins.
Preloading 0 native plugins for Editor in 0.00 ms.
Unloading 2443 Unused Serialized files (Serialized files now loaded: 0)
System memory in use before: 123.5 MB.
System memory in use after: 122.4 MB.

Unloading 30 unused Assets to reduce memory usage. Loaded Objects now: 3137.
Total: 2.902300 ms (FindLiveObjects: 0.231500 ms CreateObjectMapping: 0.105900 ms MarkObjects: 1.889700 ms  DeleteObjects: 0.674600 ms)

AssetImportParameters requested are different than current active one (requested -> active):
  custom:graphics/normal-map-encoding: 01000000000000000000000000000000 -> 02000000000000000000000000000000
========================================================================
Received Import Request.
  Time since last request: 134.732585 seconds.
  path: Assets/SidePartyAssets/FreeAssets/3LE Low Poly Cloud Pack/Prefabs/Clouds_Strato_G1.prefab
  artifactKey: Guid(9ee1a2ad264aa2040bef16ca093d6046) Importer(815301076,1909f56bfc062723c751e8b465ee728b)
Start importing Assets/SidePartyAssets/FreeAssets/3LE Low Poly Cloud Pack/Prefabs/Clouds_Strato_G1.prefab using Guid(9ee1a2ad264aa2040bef16ca093d6046) Importer(815301076,1909f56bfc062723c751e8b465ee728b)  -> (artifact id: '6207dbd8e00173c02566ff7da3730e6e') in 0.145468 seconds
  Import took 0.149542 seconds .

========================================================================
Received Import Request.
  Time since last request: 4.679660 seconds.
  path: Assets/SidePartyAssets/FreeAssets/3LE Low Poly Cloud Pack/Prefabs/Clouds_Strato_G1.prefab
  artifactKey: Guid(9ee1a2ad264aa2040bef16ca093d6046) Importer(815301076,1909f56bfc062723c751e8b465ee728b)
Start importing Assets/SidePartyAssets/FreeAssets/3LE Low Poly Cloud Pack/Prefabs/Clouds_Strato_G1.prefab using Guid(9ee1a2ad264aa2040bef16ca093d6046) Importer(815301076,1909f56bfc062723c751e8b465ee728b)  -> (artifact id: 'ca3ad3851cff6b7f693dc3751349bec0') in 0.024062 seconds
  Import took 0.031971 seconds .

========================================================================
Received Import Request.
  Time since last request: 0.024056 seconds.
  path: Assets/SidePartyAssets/FreeAssets/3LE Low Poly Cloud Pack/Prefabs/Clouds_Strato_G1.prefab
  artifactKey: Guid(9ee1a2ad264aa2040bef16ca093d6046) Importer(815301076,1909f56bfc062723c751e8b465ee728b)
Start importing Assets/SidePartyAssets/FreeAssets/3LE Low Poly Cloud Pack/Prefabs/Clouds_Strato_G1.prefab using Guid(9ee1a2ad264aa2040bef16ca093d6046) Importer(815301076,1909f56bfc062723c751e8b465ee728b)  -> (artifact id: 'ca3ad3851cff6b7f693dc3751349bec0') in 0.008873 seconds
  Import took 0.013525 seconds .

========================================================================
Received Import Request.
  Time since last request: 4.373004 seconds.
  path: Assets/SidePartyAssets/FreeAssets/3LE Low Poly Cloud Pack/Prefabs/Clouds_Strato_G2.prefab
  artifactKey: Guid(79f3726e667d7254296b8aef52d0f074) Importer(815301076,1909f56bfc062723c751e8b465ee728b)
Start importing Assets/SidePartyAssets/FreeAssets/3LE Low Poly Cloud Pack/Prefabs/Clouds_Strato_G2.prefab using Guid(79f3726e667d7254296b8aef52d0f074) Importer(815301076,1909f56bfc062723c751e8b465ee728b)  -> (artifact id: '34e213f75f2bb4dbbd6b91731c5796fe') in 0.010074 seconds
  Import took 0.014271 seconds .

========================================================================
Received Import Request.
  Time since last request: 0.016918 seconds.
  path: Assets/SidePartyAssets/FreeAssets/3LE Low Poly Cloud Pack/Prefabs/Clouds_Strato_G2.prefab
  artifactKey: Guid(79f3726e667d7254296b8aef52d0f074) Importer(815301076,1909f56bfc062723c751e8b465ee728b)
Start importing Assets/SidePartyAssets/FreeAssets/3LE Low Poly Cloud Pack/Prefabs/Clouds_Strato_G2.prefab using Guid(79f3726e667d7254296b8aef52d0f074) Importer(815301076,1909f56bfc062723c751e8b465ee728b)  -> (artifact id: '34e213f75f2bb4dbbd6b91731c5796fe') in 0.008777 seconds
  Import took 0.012488 seconds .

========================================================================
Received Import Request.
  Time since last request: 3.145330 seconds.
  path: Assets/SidePartyAssets/FreeAssets/3LE Low Poly Cloud Pack/Prefabs/Clouds_Strato_G2.prefab
  artifactKey: Guid(79f3726e667d7254296b8aef52d0f074) Importer(815301076,1909f56bfc062723c751e8b465ee728b)
Start importing Assets/SidePartyAssets/FreeAssets/3LE Low Poly Cloud Pack/Prefabs/Clouds_Strato_G2.prefab using Guid(79f3726e667d7254296b8aef52d0f074) Importer(815301076,1909f56bfc062723c751e8b465ee728b)  -> (artifact id: 'c113ce9e343659de187a91bcddf88f4f') in 0.009435 seconds
  Import took 0.013355 seconds .

========================================================================
Received Import Request.
  Time since last request: 0.019176 seconds.
  path: Assets/SidePartyAssets/FreeAssets/3LE Low Poly Cloud Pack/Prefabs/Clouds_Strato_G2.prefab
  artifactKey: Guid(79f3726e667d7254296b8aef52d0f074) Importer(815301076,1909f56bfc062723c751e8b465ee728b)
Start importing Assets/SidePartyAssets/FreeAssets/3LE Low Poly Cloud Pack/Prefabs/Clouds_Strato_G2.prefab using Guid(79f3726e667d7254296b8aef52d0f074) Importer(815301076,1909f56bfc062723c751e8b465ee728b)  -> (artifact id: 'c113ce9e343659de187a91bcddf88f4f') in 0.008421 seconds
  Import took 0.012724 seconds .

========================================================================
Received Prepare
Registering precompiled user dll's ...
Registered in 0.001780 seconds.
Begin MonoManager ReloadAssembly
Native extension for WindowsStandalone target not found
Native extension for WebGL target not found
Refreshing native plugins compatible for Editor in 0.39 ms, found 0 plugins.
Preloading 0 native plugins for Editor in 0.00 ms.
Invoked RoslynAnalysisRunner static constructor.
RoslynAnalysisRunner will not be running.
RoslynAnalysisRunner has terminated.
Mono: successfully reloaded assembly
- Completed reload, in  1.113 seconds
Platform modules already initialized, skipping
Switching build target platform(5) subTarget(0) extendedPlatform(0) -> platform(13) subTarget(537395200) extendedPlatform(0)
Shader 'Universal Render Pipeline/Particles/Lit': fallback shader 'Universal Render Pipeline/Particles/SimpleLit' not found
Refreshing native plugins compatible for Editor in 0.41 ms, found 0 plugins.
Preloading 0 native plugins for Editor in 0.00 ms.
Unloading 2443 Unused Serialized files (Serialized files now loaded: 0)
System memory in use before: 123.7 MB.
System memory in use after: 122.6 MB.

Unloading 30 unused Assets to reduce memory usage. Loaded Objects now: 3176.
Total: 3.242300 ms (FindLiveObjects: 0.485400 ms CreateObjectMapping: 0.154900 ms MarkObjects: 1.913500 ms  DeleteObjects: 0.687000 ms)

AssetImportParameters requested are different than current active one (requested -> active):
  custom:graphics/normal-map-encoding: 01000000000000000000000000000000 -> 02000000000000000000000000000000
========================================================================
Received Import Request.
  Time since last request: 128.324151 seconds.
  path: Assets/SidePartyAssets/FreeAssets/3LE Low Poly Cloud Pack/Prefabs/Clouds_Strato_G1.prefab
  artifactKey: Guid(9ee1a2ad264aa2040bef16ca093d6046) Importer(815301076,1909f56bfc062723c751e8b465ee728b)
Start importing Assets/SidePartyAssets/FreeAssets/3LE Low Poly Cloud Pack/Prefabs/Clouds_Strato_G1.prefab using Guid(9ee1a2ad264aa2040bef16ca093d6046) Importer(815301076,1909f56bfc062723c751e8b465ee728b)  -> (artifact id: 'c6176ef62a820aecb12691d03a4a3735') in 0.157155 seconds
  Import took 0.161154 seconds .

========================================================================
Received Import Request.
  Time since last request: 3.587826 seconds.
  path: Assets/SidePartyAssets/FreeAssets/3LE Low Poly Cloud Pack/Prefabs/Clouds_Strato_G1.prefab
  artifactKey: Guid(9ee1a2ad264aa2040bef16ca093d6046) Importer(815301076,1909f56bfc062723c751e8b465ee728b)
Start importing Assets/SidePartyAssets/FreeAssets/3LE Low Poly Cloud Pack/Prefabs/Clouds_Strato_G1.prefab using Guid(9ee1a2ad264aa2040bef16ca093d6046) Importer(815301076,1909f56bfc062723c751e8b465ee728b)  -> (artifact id: '88c84570f1b4f9b91d5f2b3c484ec287') in 0.009593 seconds
  Import took 0.013674 seconds .

========================================================================
Received Import Request.
  Time since last request: 0.020150 seconds.
  path: Assets/SidePartyAssets/FreeAssets/3LE Low Poly Cloud Pack/Prefabs/Clouds_Strato_G1.prefab
  artifactKey: Guid(9ee1a2ad264aa2040bef16ca093d6046) Importer(815301076,1909f56bfc062723c751e8b465ee728b)
Start importing Assets/SidePartyAssets/FreeAssets/3LE Low Poly Cloud Pack/Prefabs/Clouds_Strato_G1.prefab using Guid(9ee1a2ad264aa2040bef16ca093d6046) Importer(815301076,1909f56bfc062723c751e8b465ee728b)  -> (artifact id: '88c84570f1b4f9b91d5f2b3c484ec287') in 0.008189 seconds
  Import took 0.011805 seconds .

========================================================================
Received Import Request.
  Time since last request: 5.277487 seconds.
  path: Assets/SidePartyAssets/FreeAssets/3LE Low Poly Cloud Pack/Prefabs/Clouds_Strato_G2.prefab
  artifactKey: Guid(79f3726e667d7254296b8aef52d0f074) Importer(815301076,1909f56bfc062723c751e8b465ee728b)
Start importing Assets/SidePartyAssets/FreeAssets/3LE Low Poly Cloud Pack/Prefabs/Clouds_Strato_G2.prefab using Guid(79f3726e667d7254296b8aef52d0f074) Importer(815301076,1909f56bfc062723c751e8b465ee728b)  -> (artifact id: 'd08ad36b204554441db6bf9fe865e115') in 0.009223 seconds
  Import took 0.013233 seconds .

========================================================================
Received Import Request.
  Time since last request: 0.019884 seconds.
  path: Assets/SidePartyAssets/FreeAssets/3LE Low Poly Cloud Pack/Prefabs/Clouds_Strato_G2.prefab
  artifactKey: Guid(79f3726e667d7254296b8aef52d0f074) Importer(815301076,1909f56bfc062723c751e8b465ee728b)
Start importing Assets/SidePartyAssets/FreeAssets/3LE Low Poly Cloud Pack/Prefabs/Clouds_Strato_G2.prefab using Guid(79f3726e667d7254296b8aef52d0f074) Importer(815301076,1909f56bfc062723c751e8b465ee728b)  -> (artifact id: 'd08ad36b204554441db6bf9fe865e115') in 0.008621 seconds
  Import took 0.012579 seconds .

========================================================================
Received Import Request.
  Time since last request: 2.688427 seconds.
  path: Assets/SidePartyAssets/FreeAssets/3LE Low Poly Cloud Pack/Prefabs/Clouds_Strato_G2.prefab
  artifactKey: Guid(79f3726e667d7254296b8aef52d0f074) Importer(815301076,1909f56bfc062723c751e8b465ee728b)
Start importing Assets/SidePartyAssets/FreeAssets/3LE Low Poly Cloud Pack/Prefabs/Clouds_Strato_G2.prefab using Guid(79f3726e667d7254296b8aef52d0f074) Importer(815301076,1909f56bfc062723c751e8b465ee728b)  -> (artifact id: '48c84baa5200ef7826eb74cd0e648738') in 0.009327 seconds
  Import took 0.013388 seconds .

========================================================================
Received Import Request.
  Time since last request: 0.019663 seconds.
  path: Assets/SidePartyAssets/FreeAssets/3LE Low Poly Cloud Pack/Prefabs/Clouds_Strato_G2.prefab
  artifactKey: Guid(79f3726e667d7254296b8aef52d0f074) Importer(815301076,1909f56bfc062723c751e8b465ee728b)
Start importing Assets/SidePartyAssets/FreeAssets/3LE Low Poly Cloud Pack/Prefabs/Clouds_Strato_G2.prefab using Guid(79f3726e667d7254296b8aef52d0f074) Importer(815301076,1909f56bfc062723c751e8b465ee728b)  -> (artifact id: '48c84baa5200ef7826eb74cd0e648738') in 0.008254 seconds
  Import took 0.012177 seconds .

========================================================================
Received Prepare
Registering precompiled user dll's ...
Registered in 0.001822 seconds.
Begin MonoManager ReloadAssembly
Native extension for WindowsStandalone target not found
Native extension for WebGL target not found
Refreshing native plugins compatible for Editor in 0.39 ms, found 0 plugins.
Preloading 0 native plugins for Editor in 0.00 ms.
Invoked RoslynAnalysisRunner static constructor.
RoslynAnalysisRunner will not be running.
RoslynAnalysisRunner has terminated.
Mono: successfully reloaded assembly
- Completed reload, in  1.014 seconds
Platform modules already initialized, skipping
Switching build target platform(5) subTarget(0) extendedPlatform(0) -> platform(13) subTarget(537395200) extendedPlatform(0)
Shader 'Universal Render Pipeline/Particles/Lit': fallback shader 'Universal Render Pipeline/Particles/SimpleLit' not found
Refreshing native plugins compatible for Editor in 0.37 ms, found 0 plugins.
Preloading 0 native plugins for Editor in 0.00 ms.
Unloading 2443 Unused Serialized files (Serialized files now loaded: 0)
System memory in use before: 123.9 MB.
System memory in use after: 122.8 MB.

Unloading 30 unused Assets to reduce memory usage. Loaded Objects now: 3215.
Total: 2.759500 ms (FindLiveObjects: 0.257800 ms CreateObjectMapping: 0.114700 ms MarkObjects: 1.701900 ms  DeleteObjects: 0.684000 ms)

AssetImportParameters requested are different than current active one (requested -> active):
  custom:graphics/normal-map-encoding: 01000000000000000000000000000000 -> 02000000000000000000000000000000
========================================================================
Received Import Request.
  Time since last request: 22.911047 seconds.
  path: Assets/SidePartyAssets/FreeAssets/3LE Low Poly Cloud Pack/Prefabs/Clouds_Strato_G2.prefab
  artifactKey: Guid(79f3726e667d7254296b8aef52d0f074) Importer(815301076,1909f56bfc062723c751e8b465ee728b)
Start importing Assets/SidePartyAssets/FreeAssets/3LE Low Poly Cloud Pack/Prefabs/Clouds_Strato_G2.prefab using Guid(79f3726e667d7254296b8aef52d0f074) Importer(815301076,1909f56bfc062723c751e8b465ee728b)  -> (artifact id: '066c77f4eb4eda64d9d2f1bdde726623') in 0.163538 seconds
  Import took 0.170937 seconds .

========================================================================
Received Import Request.
  Time since last request: 0.861431 seconds.
  path: Assets/SidePartyAssets/FreeAssets/3LE Low Poly Cloud Pack/Prefabs/Clouds_Strato_G1.prefab
  artifactKey: Guid(9ee1a2ad264aa2040bef16ca093d6046) Importer(815301076,1909f56bfc062723c751e8b465ee728b)
Start importing Assets/SidePartyAssets/FreeAssets/3LE Low Poly Cloud Pack/Prefabs/Clouds_Strato_G1.prefab using Guid(9ee1a2ad264aa2040bef16ca093d6046) Importer(815301076,1909f56bfc062723c751e8b465ee728b)  -> (artifact id: 'e9f14d6dc21420ba4987576c48322b0a') in 0.008973 seconds
  Import took 0.014617 seconds .

========================================================================
Received Import Request.
  Time since last request: 0.021709 seconds.
  path: Assets/SidePartyAssets/FreeAssets/3LE Low Poly Cloud Pack/Prefabs/Clouds_Strato_G1.prefab
  artifactKey: Guid(9ee1a2ad264aa2040bef16ca093d6046) Importer(815301076,1909f56bfc062723c751e8b465ee728b)
Start importing Assets/SidePartyAssets/FreeAssets/3LE Low Poly Cloud Pack/Prefabs/Clouds_Strato_G1.prefab using Guid(9ee1a2ad264aa2040bef16ca093d6046) Importer(815301076,1909f56bfc062723c751e8b465ee728b)  -> (artifact id: 'e9f14d6dc21420ba4987576c48322b0a') in 0.008377 seconds
  Import took 0.011957 seconds .

========================================================================
Received Prepare
Registering precompiled user dll's ...
Registered in 0.001783 seconds.
Begin MonoManager ReloadAssembly
Native extension for WindowsStandalone target not found
Native extension for WebGL target not found
Refreshing native plugins compatible for Editor in 0.38 ms, found 0 plugins.
Preloading 0 native plugins for Editor in 0.00 ms.
Invoked RoslynAnalysisRunner static constructor.
RoslynAnalysisRunner will not be running.
RoslynAnalysisRunner has terminated.
Mono: successfully reloaded assembly
- Completed reload, in  1.120 seconds
Platform modules already initialized, skipping
Switching build target platform(5) subTarget(0) extendedPlatform(0) -> platform(13) subTarget(537395200) extendedPlatform(0)
Shader 'Universal Render Pipeline/Particles/Lit': fallback shader 'Universal Render Pipeline/Particles/SimpleLit' not found
Refreshing native plugins compatible for Editor in 0.38 ms, found 0 plugins.
Preloading 0 native plugins for Editor in 0.00 ms.
Unloading 2443 Unused Serialized files (Serialized files now loaded: 0)
System memory in use before: 124.0 MB.
System memory in use after: 122.9 MB.

Unloading 30 unused Assets to reduce memory usage. Loaded Objects now: 3254.
Total: 3.085600 ms (FindLiveObjects: 0.341800 ms CreateObjectMapping: 0.111000 ms MarkObjects: 1.872400 ms  DeleteObjects: 0.759300 ms)

AssetImportParameters requested are different than current active one (requested -> active):
  custom:graphics/normal-map-encoding: 01000000000000000000000000000000 -> 02000000000000000000000000000000
========================================================================
Received Prepare
Registering precompiled user dll's ...
Registered in 0.001833 seconds.
Begin MonoManager ReloadAssembly
Native extension for WindowsStandalone target not found
Native extension for WebGL target not found
Refreshing native plugins compatible for Editor in 0.38 ms, found 0 plugins.
Preloading 0 native plugins for Editor in 0.00 ms.
Invoked RoslynAnalysisRunner static constructor.
RoslynAnalysisRunner will not be running.
RoslynAnalysisRunner has terminated.
Mono: successfully reloaded assembly
- Completed reload, in  0.960 seconds
Platform modules already initialized, skipping
Switching build target platform(5) subTarget(0) extendedPlatform(0) -> platform(13) subTarget(537395200) extendedPlatform(0)
Shader 'Universal Render Pipeline/Particles/Lit': fallback shader 'Universal Render Pipeline/Particles/SimpleLit' not found
Refreshing native plugins compatible for Editor in 0.40 ms, found 0 plugins.
Preloading 0 native plugins for Editor in 0.00 ms.
Unloading 2443 Unused Serialized files (Serialized files now loaded: 0)
System memory in use before: 123.9 MB.
System memory in use after: 122.8 MB.

Unloading 30 unused Assets to reduce memory usage. Loaded Objects now: 3257.
Total: 4.395800 ms (FindLiveObjects: 0.400900 ms CreateObjectMapping: 0.172300 ms MarkObjects: 3.115700 ms  DeleteObjects: 0.705600 ms)

AssetImportParameters requested are different than current active one (requested -> active):
  custom:graphics/normal-map-encoding: 01000000000000000000000000000000 -> 02000000000000000000000000000000
========================================================================
Received Prepare
Registering precompiled user dll's ...
Registered in 0.001834 seconds.
Begin MonoManager ReloadAssembly
Native extension for WindowsStandalone target not found
Native extension for WebGL target not found
Refreshing native plugins compatible for Editor in 0.43 ms, found 0 plugins.
Preloading 0 native plugins for Editor in 0.00 ms.
Invoked RoslynAnalysisRunner static constructor.
RoslynAnalysisRunner will not be running.
RoslynAnalysisRunner has terminated.
Mono: successfully reloaded assembly
- Completed reload, in  1.065 seconds
Platform modules already initialized, skipping
Switching build target platform(5) subTarget(0) extendedPlatform(0) -> platform(13) subTarget(537395200) extendedPlatform(0)
Shader 'Universal Render Pipeline/Particles/Lit': fallback shader 'Universal Render Pipeline/Particles/SimpleLit' not found
Refreshing native plugins compatible for Editor in 0.39 ms, found 0 plugins.
Preloading 0 native plugins for Editor in 0.00 ms.
Unloading 2443 Unused Serialized files (Serialized files now loaded: 0)
System memory in use before: 123.9 MB.
System memory in use after: 122.9 MB.

Unloading 30 unused Assets to reduce memory usage. Loaded Objects now: 3260.
Total: 2.834900 ms (FindLiveObjects: 0.268700 ms CreateObjectMapping: 0.112500 ms MarkObjects: 1.777700 ms  DeleteObjects: 0.675100 ms)

AssetImportParameters requested are different than current active one (requested -> active):
  custom:graphics/normal-map-encoding: 01000000000000000000000000000000 -> 02000000000000000000000000000000
========================================================================
Received Import Request.
  Time since last request: 185.601438 seconds.
  path: Assets/Prefabs/LevelPrefabs/Avatar.prefab
  artifactKey: Guid(06082ab10f1c93541832269839339b45) Importer(815301076,1909f56bfc062723c751e8b465ee728b)
Start importing Assets/Prefabs/LevelPrefabs/Avatar.prefab using Guid(06082ab10f1c93541832269839339b45) Importer(815301076,1909f56bfc062723c751e8b465ee728b)  -> (artifact id: 'b88960da7f1cd5e7c3f6d7d2812aad81') in 0.152967 seconds
  Import took 0.156926 seconds .

========================================================================
Received Import Request.
  Time since last request: 0.000244 seconds.
  path: Assets/Prefabs/LevelPrefabs/PickUpBanana.prefab
  artifactKey: Guid(e11dd1a5ab72ab94c8182f489cef94f8) Importer(815301076,1909f56bfc062723c751e8b465ee728b)
Start importing Assets/Prefabs/LevelPrefabs/PickUpBanana.prefab using Guid(e11dd1a5ab72ab94c8182f489cef94f8) Importer(815301076,1909f56bfc062723c751e8b465ee728b)  -> (artifact id: '4dd693ce1ef18eecab31f40584c38b92') in 0.020924 seconds
  Import took 0.025482 seconds .

========================================================================
Received Import Request.
  Time since last request: 0.000215 seconds.
  path: Assets/Prefabs/LevelPrefabs/PickUpBad.prefab
  artifactKey: Guid(764044d9bb1fc2948b5ef3c000960ca5) Importer(815301076,1909f56bfc062723c751e8b465ee728b)
Start importing Assets/Prefabs/LevelPrefabs/PickUpBad.prefab using Guid(764044d9bb1fc2948b5ef3c000960ca5) Importer(815301076,1909f56bfc062723c751e8b465ee728b)  -> (artifact id: '92e952ea78267fc4dc69260e8e982155') in 0.014383 seconds
  Import took 0.018683 seconds .

========================================================================
Received Import Request.
  Time since last request: 0.000198 seconds.
  path: Assets/Prefabs/LevelPrefabs/CloudPackTop.prefab
  artifactKey: Guid(6622e412d751fdb429c56d94569899ab) Importer(815301076,1909f56bfc062723c751e8b465ee728b)
Start importing Assets/Prefabs/LevelPrefabs/CloudPackTop.prefab using Guid(6622e412d751fdb429c56d94569899ab) Importer(815301076,1909f56bfc062723c751e8b465ee728b)  -> (artifact id: '9440e6a5d66fa9c80965a88d94f8bc78') in 0.028410 seconds
  Import took 0.033410 seconds .

========================================================================
Received Import Request.
  Time since last request: 0.000230 seconds.
  path: Assets/Prefabs/LevelPrefabs/PickUpSpawner.prefab
  artifactKey: Guid(c1ed058c95acd9441a12d85ecb225dfc) Importer(815301076,1909f56bfc062723c751e8b465ee728b)
Start importing Assets/Prefabs/LevelPrefabs/PickUpSpawner.prefab using Guid(c1ed058c95acd9441a12d85ecb225dfc) Importer(815301076,1909f56bfc062723c751e8b465ee728b)  -> (artifact id: '120d84a6b0c6e12ba51c2646419f1dda') in 0.125968 seconds
  Import took 0.131197 seconds .

========================================================================
Received Import Request.
  Time since last request: 0.000336 seconds.
  path: Assets/Prefabs/LevelPrefabs/cloudXgroup.prefab
  artifactKey: Guid(4f9caf90c4bf9b644adbce5988f7bda7) Importer(815301076,1909f56bfc062723c751e8b465ee728b)
Start importing Assets/Prefabs/LevelPrefabs/cloudXgroup.prefab using Guid(4f9caf90c4bf9b644adbce5988f7bda7) Importer(815301076,1909f56bfc062723c751e8b465ee728b)  -> (artifact id: '641681d8597a9ffd2fa760f33a2b9a1b') in 0.089525 seconds
  Import took 0.099344 seconds .

========================================================================
Received Import Request.
  Time since last request: 0.000386 seconds.
  path: Assets/Prefabs/LevelPrefabs/PickUpFuel.prefab
  artifactKey: Guid(647cde002f47d7349a540ea1ac5cdb35) Importer(815301076,1909f56bfc062723c751e8b465ee728b)
Start importing Assets/Prefabs/LevelPrefabs/PickUpFuel.prefab using Guid(647cde002f47d7349a540ea1ac5cdb35) Importer(815301076,1909f56bfc062723c751e8b465ee728b)  -> (artifact id: 'd327fadd37538bf437369d89d081844b') in 0.012689 seconds
  Import took 0.016878 seconds .

========================================================================
Received Import Request.
  Time since last request: 0.000255 seconds.
  path: Assets/Prefabs/LevelPrefabs/Plane.prefab
  artifactKey: Guid(552258e5dca5b5d408905d4ffbfde117) Importer(815301076,1909f56bfc062723c751e8b465ee728b)
Start importing Assets/Prefabs/LevelPrefabs/Plane.prefab using Guid(552258e5dca5b5d408905d4ffbfde117) Importer(815301076,1909f56bfc062723c751e8b465ee728b)  -> (artifact id: '5d6d753a134a8c254c3fb2ffe8ef7362') in 0.015455 seconds
  Import took 0.019663 seconds .

========================================================================
Received Import Request.
  Time since last request: 0.000251 seconds.
  path: Assets/Prefabs/LevelPrefabs/LightAircraft.prefab
  artifactKey: Guid(fa7677edb4041b047bf7a4e0d07b7697) Importer(815301076,1909f56bfc062723c751e8b465ee728b)
Start importing Assets/Prefabs/LevelPrefabs/LightAircraft.prefab using Guid(fa7677edb4041b047bf7a4e0d07b7697) Importer(815301076,1909f56bfc062723c751e8b465ee728b)  -> (artifact id: '991d12d54deeb13cd3339b51b09139d6') in 0.009647 seconds
  Import took 0.014270 seconds .

========================================================================
Received Import Request.
  Time since last request: 0.000217 seconds.
  path: Assets/Prefabs/LevelPrefabs/SpawnPoint.prefab
  artifactKey: Guid(2f819527ae2d66d42863bd7e2a6f359a) Importer(815301076,1909f56bfc062723c751e8b465ee728b)
Start importing Assets/Prefabs/LevelPrefabs/SpawnPoint.prefab using Guid(2f819527ae2d66d42863bd7e2a6f359a) Importer(815301076,1909f56bfc062723c751e8b465ee728b)  -> (artifact id: 'edd44d4c6514599ef1d8c850d613ce44') in 0.011683 seconds
  Import took 0.016047 seconds .

========================================================================
Received Import Request.
  Time since last request: 0.000179 seconds.
  path: Assets/Prefabs/LevelPrefabs/PickUpCarreer.prefab
  artifactKey: Guid(3419e33fcd3b19c43a7beccd2d67a463) Importer(815301076,1909f56bfc062723c751e8b465ee728b)
Start importing Assets/Prefabs/LevelPrefabs/PickUpCarreer.prefab using Guid(3419e33fcd3b19c43a7beccd2d67a463) Importer(815301076,1909f56bfc062723c751e8b465ee728b)  -> (artifact id: '10eb175405e8b88e1a15fc99ef290de5') in 0.062803 seconds
  Import took 0.067394 seconds .

========================================================================
Received Import Request.
  Time since last request: 103.988072 seconds.
  path: Assets/Materials/Monkey_D.mat
  artifactKey: Guid(e1bc5337d4c9fe64fb806aa4b7082c65) Importer(815301076,1909f56bfc062723c751e8b465ee728b)
Start importing Assets/Materials/Monkey_D.mat using Guid(e1bc5337d4c9fe64fb806aa4b7082c65) Importer(815301076,1909f56bfc062723c751e8b465ee728b)  -> (artifact id: '73acaf589bceb7654bacdc8c0a359e72') in 0.026902 seconds
  Import took 0.031220 seconds .

========================================================================
Received Import Request.
  Time since last request: 8.567627 seconds.
  path: Assets/SidePartyAssets/FreeAssets/Barrel/Textures/barr_albedo_blue.jpg
  artifactKey: Guid(6dad0fc6ad7cbe941a2c47880d7a4804) Importer(815301076,1909f56bfc062723c751e8b465ee728b)
Start importing Assets/SidePartyAssets/FreeAssets/Barrel/Textures/barr_albedo_blue.jpg using Guid(6dad0fc6ad7cbe941a2c47880d7a4804) Importer(815301076,1909f56bfc062723c751e8b465ee728b)  -> (artifact id: '3ed5bba8a297e8a6dade155afd220409') in 0.211995 seconds
  Import took 0.221926 seconds .

========================================================================
Received Import Request.
  Time since last request: 0.000425 seconds.
  path: Assets/SidePartyAssets/FreeAssets/Barrel/Textures/barr_albedo_red.jpg
  artifactKey: Guid(0879c0d7c3fbcc64880a5f93d79fe152) Importer(815301076,1909f56bfc062723c751e8b465ee728b)
Start importing Assets/SidePartyAssets/FreeAssets/Barrel/Textures/barr_albedo_red.jpg using Guid(0879c0d7c3fbcc64880a5f93d79fe152) Importer(815301076,1909f56bfc062723c751e8b465ee728b)  -> (artifact id: '5f89e4e41213558729662f95d02b24da') in 0.069310 seconds
  Import took 0.074682 seconds .

========================================================================
Received Prepare
Registering precompiled user dll's ...
Registered in 0.001829 seconds.
Begin MonoManager ReloadAssembly
Native extension for WindowsStandalone target not found
Native extension for WebGL target not found
Refreshing native plugins compatible for Editor in 0.46 ms, found 0 plugins.
Preloading 0 native plugins for Editor in 0.00 ms.
Invoked RoslynAnalysisRunner static constructor.
RoslynAnalysisRunner will not be running.
RoslynAnalysisRunner has terminated.
Mono: successfully reloaded assembly
- Completed reload, in  1.144 seconds
Platform modules already initialized, skipping
Switching build target platform(5) subTarget(0) extendedPlatform(0) -> platform(13) subTarget(537395200) extendedPlatform(0)
Shader 'Universal Render Pipeline/Particles/Lit': fallback shader 'Universal Render Pipeline/Particles/SimpleLit' not found
Refreshing native plugins compatible for Editor in 0.37 ms, found 0 plugins.
Preloading 0 native plugins for Editor in 0.00 ms.
Unloading 2443 Unused Serialized files (Serialized files now loaded: 0)
System memory in use before: 127.0 MB.
System memory in use after: 125.9 MB.

Unloading 30 unused Assets to reduce memory usage. Loaded Objects now: 3336.
Total: 2.786600 ms (FindLiveObjects: 0.277000 ms CreateObjectMapping: 0.106900 ms MarkObjects: 1.721300 ms  DeleteObjects: 0.680600 ms)

AssetImportParameters requested are different than current active one (requested -> active):
  custom:graphics/normal-map-encoding: 01000000000000000000000000000000 -> 02000000000000000000000000000000
========================================================================
Received Import Request.
  Time since last request: 110.043366 seconds.
  path: Assets/Prefabs/LevelPrefabs/BarrelBad.prefab
  artifactKey: Guid(57cdd11e01cf0da409f37b1d2531732d) Importer(815301076,1909f56bfc062723c751e8b465ee728b)
Start importing Assets/Prefabs/LevelPrefabs/BarrelBad.prefab using Guid(57cdd11e01cf0da409f37b1d2531732d) Importer(815301076,1909f56bfc062723c751e8b465ee728b)  -> (artifact id: '5c0ad2cbe3741598dce74cc8dfc10722') in 0.182549 seconds
  Import took 0.186411 seconds .

========================================================================
Received Import Request.
  Time since last request: 0.000352 seconds.
  path: Assets/Prefabs/LevelPrefabs/PickUpBad.prefab
  artifactKey: Guid(764044d9bb1fc2948b5ef3c000960ca5) Importer(815301076,1909f56bfc062723c751e8b465ee728b)
Start importing Assets/Prefabs/LevelPrefabs/PickUpBad.prefab using Guid(764044d9bb1fc2948b5ef3c000960ca5) Importer(815301076,1909f56bfc062723c751e8b465ee728b)  -> (artifact id: 'c30b466f3feb0b85d87a977b1d819e14') in 0.008873 seconds
  Import took 0.012258 seconds .

========================================================================
Received Import Request.
  Time since last request: 0.000262 seconds.
  path: Assets/Prefabs/LevelPrefabs/PickUpSpawner.prefab
  artifactKey: Guid(c1ed058c95acd9441a12d85ecb225dfc) Importer(815301076,1909f56bfc062723c751e8b465ee728b)
Start importing Assets/Prefabs/LevelPrefabs/PickUpSpawner.prefab using Guid(c1ed058c95acd9441a12d85ecb225dfc) Importer(815301076,1909f56bfc062723c751e8b465ee728b)  -> (artifact id: 'e4a56eee31d5170eb1970a4904900bc4') in 0.082773 seconds
  Import took 0.088741 seconds .

========================================================================
Received Import Request.
  Time since last request: 0.000362 seconds.
  path: Assets/Prefabs/LevelPrefabs/PickUpCarreer.prefab
  artifactKey: Guid(3419e33fcd3b19c43a7beccd2d67a463) Importer(815301076,1909f56bfc062723c751e8b465ee728b)
Start importing Assets/Prefabs/LevelPrefabs/PickUpCarreer.prefab using Guid(3419e33fcd3b19c43a7beccd2d67a463) Importer(815301076,1909f56bfc062723c751e8b465ee728b)  -> (artifact id: 'c6e3e6cfecaf009b2b6bc3836916d335') in 0.058003 seconds
  Import took 0.061975 seconds .

========================================================================
Received Import Request.
  Time since last request: 28.100498 seconds.
  path: Assets/SidePartyAssets/FreeAssets/Food icons Pack/PNG/bananas.png
  artifactKey: Guid(50e0347d981414d189ff77217bc6e69c) Importer(815301076,1909f56bfc062723c751e8b465ee728b)
Start importing Assets/SidePartyAssets/FreeAssets/Food icons Pack/PNG/bananas.png using Guid(50e0347d981414d189ff77217bc6e69c) Importer(815301076,1909f56bfc062723c751e8b465ee728b)  -> (artifact id: 'bde9b1f080dc2b24eeb38d2d8eb56c23') in 0.052974 seconds
  Import took 0.061417 seconds .

========================================================================
Received Import Request.
  Time since last request: 0.000386 seconds.
  path: Assets/SidePartyAssets/FreeAssets/FREE Food Pack/Textures/FoodIcons_Atlas.png
  artifactKey: Guid(37607ec1aab56e349af84a980f685a4b) Importer(815301076,1909f56bfc062723c751e8b465ee728b)
Start importing Assets/SidePartyAssets/FreeAssets/FREE Food Pack/Textures/FoodIcons_Atlas.png using Guid(37607ec1aab56e349af84a980f685a4b) Importer(815301076,1909f56bfc062723c751e8b465ee728b)  -> (artifact id: '953afebdf4535ba2bb314e711af02b6f') in 0.225644 seconds
  Import took 0.229425 seconds .

========================================================================
Received Import Request.
  Time since last request: 8.329194 seconds.
  path: Assets/Prefabs/LevelPrefabs/BarrelFuel.prefab
  artifactKey: Guid(7f3cdfd91d26c3c41af21ca54c03961e) Importer(815301076,1909f56bfc062723c751e8b465ee728b)
Start importing Assets/Prefabs/LevelPrefabs/BarrelFuel.prefab using Guid(7f3cdfd91d26c3c41af21ca54c03961e) Importer(815301076,1909f56bfc062723c751e8b465ee728b)  -> (artifact id: '07f4b2ee4f237e1d1fc65355bb608e02') in 0.012977 seconds
  Import took 0.016899 seconds .

========================================================================
Received Prepare
Registering precompiled user dll's ...
Registered in 0.001841 seconds.
Begin MonoManager ReloadAssembly
Native extension for WindowsStandalone target not found
Native extension for WebGL target not found
Refreshing native plugins compatible for Editor in 0.38 ms, found 0 plugins.
Preloading 0 native plugins for Editor in 0.00 ms.
Invoked RoslynAnalysisRunner static constructor.
RoslynAnalysisRunner will not be running.
RoslynAnalysisRunner has terminated.
Mono: successfully reloaded assembly
- Completed reload, in  1.095 seconds
Platform modules already initialized, skipping
Switching build target platform(5) subTarget(0) extendedPlatform(0) -> platform(13) subTarget(537395200) extendedPlatform(0)
Shader 'Universal Render Pipeline/Particles/Lit': fallback shader 'Universal Render Pipeline/Particles/SimpleLit' not found
Refreshing native plugins compatible for Editor in 0.72 ms, found 0 plugins.
Preloading 0 native plugins for Editor in 0.00 ms.
Unloading 2443 Unused Serialized files (Serialized files now loaded: 0)
System memory in use before: 127.2 MB.
System memory in use after: 126.1 MB.

Unloading 30 unused Assets to reduce memory usage. Loaded Objects now: 3376.
Total: 2.888400 ms (FindLiveObjects: 0.252000 ms CreateObjectMapping: 0.105200 ms MarkObjects: 1.838700 ms  DeleteObjects: 0.691700 ms)

AssetImportParameters requested are different than current active one (requested -> active):
  custom:graphics/normal-map-encoding: 01000000000000000000000000000000 -> 02000000000000000000000000000000
========================================================================
Received Import Request.
  Time since last request: 108.737363 seconds.
  path: Assets/Prefabs/LevelPrefabs/BarrelBad.prefab
  artifactKey: Guid(57cdd11e01cf0da409f37b1d2531732d) Importer(815301076,1909f56bfc062723c751e8b465ee728b)
Start importing Assets/Prefabs/LevelPrefabs/BarrelBad.prefab using Guid(57cdd11e01cf0da409f37b1d2531732d) Importer(815301076,1909f56bfc062723c751e8b465ee728b)  -> (artifact id: 'd8c2177edc1ec523b9d6544faddc1bae') in 0.202141 seconds
  Import took 0.206027 seconds .

========================================================================
Received Import Request.
  Time since last request: 18.367864 seconds.
  path: Assets/Prefabs/LevelPrefabs/BarrelFuel.prefab
  artifactKey: Guid(7f3cdfd91d26c3c41af21ca54c03961e) Importer(815301076,1909f56bfc062723c751e8b465ee728b)
Start importing Assets/Prefabs/LevelPrefabs/BarrelFuel.prefab using Guid(7f3cdfd91d26c3c41af21ca54c03961e) Importer(815301076,1909f56bfc062723c751e8b465ee728b)  -> (artifact id: '3ab47247b17e0d0a41a26483b32d158f') in 0.011831 seconds
  Import took 0.015860 seconds .

========================================================================
Received Prepare
Registering precompiled user dll's ...
Registered in 0.001820 seconds.
Begin MonoManager ReloadAssembly
Native extension for WindowsStandalone target not found
Native extension for WebGL target not found
Refreshing native plugins compatible for Editor in 0.38 ms, found 0 plugins.
Preloading 0 native plugins for Editor in 0.00 ms.
Invoked RoslynAnalysisRunner static constructor.
RoslynAnalysisRunner will not be running.
RoslynAnalysisRunner has terminated.
Mono: successfully reloaded assembly
- Completed reload, in  1.237 seconds
Platform modules already initialized, skipping
Switching build target platform(5) subTarget(0) extendedPlatform(0) -> platform(13) subTarget(537395200) extendedPlatform(0)
Shader 'Universal Render Pipeline/Particles/Lit': fallback shader 'Universal Render Pipeline/Particles/SimpleLit' not found
Refreshing native plugins compatible for Editor in 0.44 ms, found 0 plugins.
Preloading 0 native plugins for Editor in 0.00 ms.
Unloading 2443 Unused Serialized files (Serialized files now loaded: 0)
System memory in use before: 127.3 MB.
System memory in use after: 126.3 MB.

Unloading 30 unused Assets to reduce memory usage. Loaded Objects now: 3415.
Total: 3.163100 ms (FindLiveObjects: 0.265300 ms CreateObjectMapping: 0.106700 ms MarkObjects: 2.081200 ms  DeleteObjects: 0.709200 ms)

AssetImportParameters requested are different than current active one (requested -> active):
  custom:graphics/normal-map-encoding: 01000000000000000000000000000000 -> 02000000000000000000000000000000
========================================================================
Received Import Request.
  Time since last request: 27.156397 seconds.
  path: Assets/Prefabs/LevelPrefabs/BarrelFuel.prefab
  artifactKey: Guid(7f3cdfd91d26c3c41af21ca54c03961e) Importer(815301076,1909f56bfc062723c751e8b465ee728b)
Start importing Assets/Prefabs/LevelPrefabs/BarrelFuel.prefab using Guid(7f3cdfd91d26c3c41af21ca54c03961e) Importer(815301076,1909f56bfc062723c751e8b465ee728b)  -> (artifact id: '8e8ecad66bdb3d826c1d214b3dc6b7ce') in 0.137558 seconds
  Import took 0.141375 seconds .

========================================================================
Received Import Request.
  Time since last request: 7.450822 seconds.
  path: Assets/Prefabs/LevelPrefabs/BarrelFuel.prefab
  artifactKey: Guid(7f3cdfd91d26c3c41af21ca54c03961e) Importer(815301076,1909f56bfc062723c751e8b465ee728b)
Start importing Assets/Prefabs/LevelPrefabs/BarrelFuel.prefab using Guid(7f3cdfd91d26c3c41af21ca54c03961e) Importer(815301076,1909f56bfc062723c751e8b465ee728b)  -> (artifact id: '476f59020d40a497cf71209461c9e2e1') in 0.008987 seconds
  Import took 0.013509 seconds .

========================================================================
Received Import Request.
  Time since last request: 22.584515 seconds.
  path: Assets/Prefabs/LevelPrefabs/BarrelBad.prefab
  artifactKey: Guid(57cdd11e01cf0da409f37b1d2531732d) Importer(815301076,1909f56bfc062723c751e8b465ee728b)
Start importing Assets/Prefabs/LevelPrefabs/BarrelBad.prefab using Guid(57cdd11e01cf0da409f37b1d2531732d) Importer(815301076,1909f56bfc062723c751e8b465ee728b)  -> (artifact id: '02b084becd2acd46d3b85015f0f86f5e') in 0.050621 seconds
  Import took 0.054559 seconds .

========================================================================
Received Import Request.
  Time since last request: 12.944350 seconds.
  path: Assets/Prefabs/LevelPrefabs/BarrelBad.prefab
  artifactKey: Guid(57cdd11e01cf0da409f37b1d2531732d) Importer(815301076,1909f56bfc062723c751e8b465ee728b)
Start importing Assets/Prefabs/LevelPrefabs/BarrelBad.prefab using Guid(57cdd11e01cf0da409f37b1d2531732d) Importer(815301076,1909f56bfc062723c751e8b465ee728b)  -> (artifact id: 'df0a3c704da5ee170e5ea6130e216331') in 0.055170 seconds
  Import took 0.058909 seconds .

========================================================================
Received Import Request.
  Time since last request: 12.888027 seconds.
  path: Assets/Prefabs/LevelPrefabs/BarrelFuel.prefab
  artifactKey: Guid(7f3cdfd91d26c3c41af21ca54c03961e) Importer(815301076,1909f56bfc062723c751e8b465ee728b)
Start importing Assets/Prefabs/LevelPrefabs/BarrelFuel.prefab using Guid(7f3cdfd91d26c3c41af21ca54c03961e) Importer(815301076,1909f56bfc062723c751e8b465ee728b)  -> (artifact id: 'f2884d726129e25b7911fa0ca6d7b56e') in 0.008670 seconds
  Import took 0.013970 seconds .

========================================================================
Received Import Request.
  Time since last request: 3.054406 seconds.
  path: Assets/Prefabs/LevelPrefabs/BarrelFuel.prefab
  artifactKey: Guid(7f3cdfd91d26c3c41af21ca54c03961e) Importer(815301076,1909f56bfc062723c751e8b465ee728b)
Start importing Assets/Prefabs/LevelPrefabs/BarrelFuel.prefab using Guid(7f3cdfd91d26c3c41af21ca54c03961e) Importer(815301076,1909f56bfc062723c751e8b465ee728b)  -> (artifact id: 'fd26648881ad9521a3fde4b6411a1f8d') in 0.008197 seconds
  Import took 0.012283 seconds .

========================================================================
Received Prepare
Registering precompiled user dll's ...
Registered in 0.001801 seconds.
Begin MonoManager ReloadAssembly
Native extension for WindowsStandalone target not found
Native extension for WebGL target not found
Refreshing native plugins compatible for Editor in 0.60 ms, found 0 plugins.
Preloading 0 native plugins for Editor in 0.00 ms.
Invoked RoslynAnalysisRunner static constructor.
RoslynAnalysisRunner will not be running.
RoslynAnalysisRunner has terminated.
Mono: successfully reloaded assembly
- Completed reload, in  1.366 seconds
Platform modules already initialized, skipping
Switching build target platform(5) subTarget(0) extendedPlatform(0) -> platform(13) subTarget(537395200) extendedPlatform(0)
Shader 'Universal Render Pipeline/Particles/Lit': fallback shader 'Universal Render Pipeline/Particles/SimpleLit' not found
Refreshing native plugins compatible for Editor in 0.37 ms, found 0 plugins.
Preloading 0 native plugins for Editor in 0.00 ms.
Unloading 2443 Unused Serialized files (Serialized files now loaded: 0)
System memory in use before: 127.4 MB.
System memory in use after: 126.3 MB.

Unloading 30 unused Assets to reduce memory usage. Loaded Objects now: 3454.
Total: 3.243300 ms (FindLiveObjects: 0.287200 ms CreateObjectMapping: 0.113600 ms MarkObjects: 2.154400 ms  DeleteObjects: 0.687200 ms)

AssetImportParameters requested are different than current active one (requested -> active):
  custom:graphics/normal-map-encoding: 01000000000000000000000000000000 -> 02000000000000000000000000000000
========================================================================
Received Import Request.
  Time since last request: 32.670364 seconds.
  path: Assets/Prefabs/LevelPrefabs/BarrelFuel.prefab
  artifactKey: Guid(7f3cdfd91d26c3c41af21ca54c03961e) Importer(815301076,1909f56bfc062723c751e8b465ee728b)
Start importing Assets/Prefabs/LevelPrefabs/BarrelFuel.prefab using Guid(7f3cdfd91d26c3c41af21ca54c03961e) Importer(815301076,1909f56bfc062723c751e8b465ee728b)  -> (artifact id: 'bc551a5298727d835346d7de7d1f7522') in 0.141150 seconds
  Import took 0.145038 seconds .

========================================================================
Received Import Request.
  Time since last request: 4.092471 seconds.
  path: Assets/Prefabs/LevelPrefabs/BarrelBad.prefab
  artifactKey: Guid(57cdd11e01cf0da409f37b1d2531732d) Importer(815301076,1909f56bfc062723c751e8b465ee728b)
Start importing Assets/Prefabs/LevelPrefabs/BarrelBad.prefab using Guid(57cdd11e01cf0da409f37b1d2531732d) Importer(815301076,1909f56bfc062723c751e8b465ee728b)  -> (artifact id: '85097f29f05755c3aac1885ede10acd9') in 0.050352 seconds
  Import took 0.054639 seconds .

========================================================================
Received Prepare
Registering precompiled user dll's ...
Registered in 0.001824 seconds.
Begin MonoManager ReloadAssembly
Native extension for WindowsStandalone target not found
Native extension for WebGL target not found
Refreshing native plugins compatible for Editor in 0.37 ms, found 0 plugins.
Preloading 0 native plugins for Editor in 0.00 ms.
Invoked RoslynAnalysisRunner static constructor.
RoslynAnalysisRunner will not be running.
RoslynAnalysisRunner has terminated.
Mono: successfully reloaded assembly
- Completed reload, in  1.282 seconds
Platform modules already initialized, skipping
Switching build target platform(5) subTarget(0) extendedPlatform(0) -> platform(13) subTarget(537395200) extendedPlatform(0)
Shader 'Universal Render Pipeline/Particles/Lit': fallback shader 'Universal Render Pipeline/Particles/SimpleLit' not found
Refreshing native plugins compatible for Editor in 0.67 ms, found 0 plugins.
Preloading 0 native plugins for Editor in 0.00 ms.
Unloading 2443 Unused Serialized files (Serialized files now loaded: 0)
System memory in use before: 127.5 MB.
System memory in use after: 126.4 MB.

Unloading 30 unused Assets to reduce memory usage. Loaded Objects now: 3493.
Total: 5.706700 ms (FindLiveObjects: 0.401500 ms CreateObjectMapping: 0.176100 ms MarkObjects: 3.833400 ms  DeleteObjects: 1.294000 ms)

AssetImportParameters requested are different than current active one (requested -> active):
  custom:graphics/normal-map-encoding: 01000000000000000000000000000000 -> 02000000000000000000000000000000
========================================================================
Received Import Request.
  Time since last request: 26.748083 seconds.
  path: Assets/Prefabs/LevelPrefabs/BarrelBad.prefab
  artifactKey: Guid(57cdd11e01cf0da409f37b1d2531732d) Importer(815301076,1909f56bfc062723c751e8b465ee728b)
Start importing Assets/Prefabs/LevelPrefabs/BarrelBad.prefab using Guid(57cdd11e01cf0da409f37b1d2531732d) Importer(815301076,1909f56bfc062723c751e8b465ee728b)  -> (artifact id: '145eaee5f4b20a6fe5e464198a7d2d8b') in 0.305184 seconds
  Import took 0.312974 seconds .

========================================================================
Received Import Request.
  Time since last request: 1.861889 seconds.
  path: Assets/Prefabs/LevelPrefabs/BarrelFuel.prefab
  artifactKey: Guid(7f3cdfd91d26c3c41af21ca54c03961e) Importer(815301076,1909f56bfc062723c751e8b465ee728b)
Start importing Assets/Prefabs/LevelPrefabs/BarrelFuel.prefab using Guid(7f3cdfd91d26c3c41af21ca54c03961e) Importer(815301076,1909f56bfc062723c751e8b465ee728b)  -> (artifact id: '8f2b9739647be8da6c0a5454dc29a6c4') in 0.008478 seconds
  Import took 0.012434 seconds .

========================================================================
Received Import Request.
  Time since last request: 0.004639 seconds.
  path: Assets/Prefabs/LevelPrefabs/BarrelFuel.prefab
  artifactKey: Guid(7f3cdfd91d26c3c41af21ca54c03961e) Importer(815301076,1909f56bfc062723c751e8b465ee728b)
Start importing Assets/Prefabs/LevelPrefabs/BarrelFuel.prefab using Guid(7f3cdfd91d26c3c41af21ca54c03961e) Importer(815301076,1909f56bfc062723c751e8b465ee728b)  -> (artifact id: '8f2b9739647be8da6c0a5454dc29a6c4') in 0.008265 seconds
  Import took 0.011977 seconds .

========================================================================
Received Prepare
Registering precompiled user dll's ...
Registered in 0.001797 seconds.
Begin MonoManager ReloadAssembly
Native extension for WindowsStandalone target not found
Native extension for WebGL target not found
Refreshing native plugins compatible for Editor in 0.38 ms, found 0 plugins.
Preloading 0 native plugins for Editor in 0.00 ms.
Invoked RoslynAnalysisRunner static constructor.
RoslynAnalysisRunner will not be running.
RoslynAnalysisRunner has terminated.
Mono: successfully reloaded assembly
- Completed reload, in  1.357 seconds
Platform modules already initialized, skipping
Switching build target platform(5) subTarget(0) extendedPlatform(0) -> platform(13) subTarget(537395200) extendedPlatform(0)
Shader 'Universal Render Pipeline/Particles/Lit': fallback shader 'Universal Render Pipeline/Particles/SimpleLit' not found
Refreshing native plugins compatible for Editor in 0.38 ms, found 0 plugins.
Preloading 0 native plugins for Editor in 0.00 ms.
Unloading 2443 Unused Serialized files (Serialized files now loaded: 0)
System memory in use before: 127.8 MB.
System memory in use after: 126.7 MB.

Unloading 30 unused Assets to reduce memory usage. Loaded Objects now: 3532.
Total: 3.585300 ms (FindLiveObjects: 0.309300 ms CreateObjectMapping: 0.114500 ms MarkObjects: 2.347800 ms  DeleteObjects: 0.812300 ms)

AssetImportParameters requested are different than current active one (requested -> active):
  custom:graphics/normal-map-encoding: 01000000000000000000000000000000 -> 02000000000000000000000000000000
========================================================================
Received Import Request.
  Time since last request: 86.669924 seconds.
  path: Assets/Prefabs/SystemPrefabs
  artifactKey: Guid(6a01f346f9c402e42ab6ed95e39c904b) Importer(815301076,1909f56bfc062723c751e8b465ee728b)
Start importing Assets/Prefabs/SystemPrefabs using Guid(6a01f346f9c402e42ab6ed95e39c904b) Importer(815301076,1909f56bfc062723c751e8b465ee728b)  -> (artifact id: '3b6df95eaa19210379491397a0a8cd60') in 0.008581 seconds
  Import took 0.012712 seconds .

========================================================================
Received Import Request.
  Time since last request: 1.524556 seconds.
  path: Assets/Prefabs/LevelPrefabs/PickUpBad.prefab
  artifactKey: Guid(764044d9bb1fc2948b5ef3c000960ca5) Importer(815301076,1909f56bfc062723c751e8b465ee728b)
Start importing Assets/Prefabs/LevelPrefabs/PickUpBad.prefab using Guid(764044d9bb1fc2948b5ef3c000960ca5) Importer(815301076,1909f56bfc062723c751e8b465ee728b)  -> (artifact id: '61e4693beb6a707c877ca0e4a8d20f65') in 0.140591 seconds
  Import took 0.144544 seconds .

========================================================================
Received Import Request.
  Time since last request: 0.000317 seconds.
  path: Assets/Prefabs/LevelPrefabs/PickUpSpawner.prefab
  artifactKey: Guid(c1ed058c95acd9441a12d85ecb225dfc) Importer(815301076,1909f56bfc062723c751e8b465ee728b)
Start importing Assets/Prefabs/LevelPrefabs/PickUpSpawner.prefab using Guid(c1ed058c95acd9441a12d85ecb225dfc) Importer(815301076,1909f56bfc062723c751e8b465ee728b)  -> (artifact id: 'a228143a2225ef4a7da61abd2df161eb') in 0.105398 seconds
  Import took 0.110822 seconds .

========================================================================
Received Import Request.
  Time since last request: 0.000371 seconds.
  path: Assets/Prefabs/LevelPrefabs/PickUpFuel.prefab
  artifactKey: Guid(647cde002f47d7349a540ea1ac5cdb35) Importer(815301076,1909f56bfc062723c751e8b465ee728b)
Start importing Assets/Prefabs/LevelPrefabs/PickUpFuel.prefab using Guid(647cde002f47d7349a540ea1ac5cdb35) Importer(815301076,1909f56bfc062723c751e8b465ee728b)  -> (artifact id: 'aed47ba9a19c74763720f5fffab3518d') in 0.009354 seconds
  Import took 0.013209 seconds .

========================================================================
Received Import Request.
  Time since last request: 0.000262 seconds.
  path: Assets/Prefabs/LevelPrefabs/PickUpCarreer.prefab
  artifactKey: Guid(3419e33fcd3b19c43a7beccd2d67a463) Importer(815301076,1909f56bfc062723c751e8b465ee728b)
Start importing Assets/Prefabs/LevelPrefabs/PickUpCarreer.prefab using Guid(3419e33fcd3b19c43a7beccd2d67a463) Importer(815301076,1909f56bfc062723c751e8b465ee728b)  -> (artifact id: 'f0867745c7aeb34dcb0922be209690b6') in 0.057220 seconds
  Import took 0.061375 seconds .

========================================================================
Received Prepare
Registering precompiled user dll's ...
Registered in 0.001801 seconds.
Begin MonoManager ReloadAssembly
Native extension for WindowsStandalone target not found
Native extension for WebGL target not found
Refreshing native plugins compatible for Editor in 0.37 ms, found 0 plugins.
Preloading 0 native plugins for Editor in 0.00 ms.
Invoked RoslynAnalysisRunner static constructor.
RoslynAnalysisRunner will not be running.
RoslynAnalysisRunner has terminated.
Mono: successfully reloaded assembly
- Completed reload, in  1.193 seconds
Platform modules already initialized, skipping
Switching build target platform(5) subTarget(0) extendedPlatform(0) -> platform(13) subTarget(537395200) extendedPlatform(0)
Shader 'Universal Render Pipeline/Particles/Lit': fallback shader 'Universal Render Pipeline/Particles/SimpleLit' not found
Refreshing native plugins compatible for Editor in 0.38 ms, found 0 plugins.
Preloading 0 native plugins for Editor in 0.00 ms.
Unloading 2443 Unused Serialized files (Serialized files now loaded: 0)
System memory in use before: 127.9 MB.
System memory in use after: 126.8 MB.

Unloading 30 unused Assets to reduce memory usage. Loaded Objects now: 3571.
Total: 3.264900 ms (FindLiveObjects: 0.267900 ms CreateObjectMapping: 0.102500 ms MarkObjects: 2.194200 ms  DeleteObjects: 0.699400 ms)

AssetImportParameters requested are different than current active one (requested -> active):
  custom:graphics/normal-map-encoding: 01000000000000000000000000000000 -> 02000000000000000000000000000000
========================================================================
Received Import Request.
  Time since last request: 86.360563 seconds.
  path: Assets/Prefabs/LevelPrefabs/balloon.prefab
  artifactKey: Guid(e1ba4b40e6fc07649aaad60744980a3e) Importer(815301076,1909f56bfc062723c751e8b465ee728b)
Start importing Assets/Prefabs/LevelPrefabs/balloon.prefab using Guid(e1ba4b40e6fc07649aaad60744980a3e) Importer(815301076,1909f56bfc062723c751e8b465ee728b)  -> (artifact id: 'dd996fd5592b67b6946b19577f89dabf') in 0.140614 seconds
  Import took 0.144316 seconds .

========================================================================
Received Import Request.
  Time since last request: 37.950383 seconds.
  path: Assets/Prefabs/LevelPrefabs/balloon.prefab
  artifactKey: Guid(e1ba4b40e6fc07649aaad60744980a3e) Importer(815301076,1909f56bfc062723c751e8b465ee728b)
Start importing Assets/Prefabs/LevelPrefabs/balloon.prefab using Guid(e1ba4b40e6fc07649aaad60744980a3e) Importer(815301076,1909f56bfc062723c751e8b465ee728b)  -> (artifact id: '2e03b48774e04d58f501ef855b29cfb2') in 0.009003 seconds
  Import took 0.013638 seconds .

========================================================================
Received Import Request.
  Time since last request: 9.611017 seconds.
  path: Assets/Prefabs/LevelPrefabs/balloon.prefab
  artifactKey: Guid(e1ba4b40e6fc07649aaad60744980a3e) Importer(815301076,1909f56bfc062723c751e8b465ee728b)
Start importing Assets/Prefabs/LevelPrefabs/balloon.prefab using Guid(e1ba4b40e6fc07649aaad60744980a3e) Importer(815301076,1909f56bfc062723c751e8b465ee728b)  -> (artifact id: '3f30be2f3e24f1f7f5fbacc08c488776') in 0.012367 seconds
  Import took 0.016317 seconds .

========================================================================
Received Import Request.
  Time since last request: 59.260800 seconds.
  path: Assets/Prefabs/LevelPrefabs/PickUpCarreer.prefab
  artifactKey: Guid(3419e33fcd3b19c43a7beccd2d67a463) Importer(815301076,1909f56bfc062723c751e8b465ee728b)
Start importing Assets/Prefabs/LevelPrefabs/PickUpCarreer.prefab using Guid(3419e33fcd3b19c43a7beccd2d67a463) Importer(815301076,1909f56bfc062723c751e8b465ee728b)  -> (artifact id: '3fc86d4f5f2fc462a11284690b015efe') in 0.108439 seconds
  Import took 0.114580 seconds .

========================================================================
Received Import Request.
  Time since last request: 0.000282 seconds.
  path: Assets/Prefabs/LevelPrefabs/PickUpSpawner.prefab
  artifactKey: Guid(c1ed058c95acd9441a12d85ecb225dfc) Importer(815301076,1909f56bfc062723c751e8b465ee728b)
Start importing Assets/Prefabs/LevelPrefabs/PickUpSpawner.prefab using Guid(c1ed058c95acd9441a12d85ecb225dfc) Importer(815301076,1909f56bfc062723c751e8b465ee728b)  -> (artifact id: 'd5a8587440668500702318ad037a508e') in 0.095300 seconds
  Import took 0.101552 seconds .

========================================================================
Received Prepare
Registering precompiled user dll's ...
Registered in 0.002429 seconds.
Begin MonoManager ReloadAssembly
Native extension for WindowsStandalone target not found
Native extension for WebGL target not found
Refreshing native plugins compatible for Editor in 0.39 ms, found 0 plugins.
Preloading 0 native plugins for Editor in 0.00 ms.
Invoked RoslynAnalysisRunner static constructor.
RoslynAnalysisRunner will not be running.
RoslynAnalysisRunner has terminated.
Mono: successfully reloaded assembly
- Completed reload, in  1.107 seconds
Platform modules already initialized, skipping
Switching build target platform(5) subTarget(0) extendedPlatform(0) -> platform(13) subTarget(537395200) extendedPlatform(0)
Shader 'Universal Render Pipeline/Particles/Lit': fallback shader 'Universal Render Pipeline/Particles/SimpleLit' not found
Refreshing native plugins compatible for Editor in 0.39 ms, found 0 plugins.
Preloading 0 native plugins for Editor in 0.00 ms.
Unloading 2443 Unused Serialized files (Serialized files now loaded: 0)
System memory in use before: 128.0 MB.
System memory in use after: 127.0 MB.

Unloading 30 unused Assets to reduce memory usage. Loaded Objects now: 3610.
Total: 3.350200 ms (FindLiveObjects: 0.305000 ms CreateObjectMapping: 0.104100 ms MarkObjects: 2.193500 ms  DeleteObjects: 0.746700 ms)

AssetImportParameters requested are different than current active one (requested -> active):
  custom:graphics/normal-map-encoding: 01000000000000000000000000000000 -> 02000000000000000000000000000000
========================================================================
Received Prepare
Registering precompiled user dll's ...
Registered in 0.001786 seconds.
Begin MonoManager ReloadAssembly
Native extension for WindowsStandalone target not found
Native extension for WebGL target not found
Refreshing native plugins compatible for Editor in 0.63 ms, found 0 plugins.
Preloading 0 native plugins for Editor in 0.00 ms.
Invoked RoslynAnalysisRunner static constructor.
RoslynAnalysisRunner will not be running.
RoslynAnalysisRunner has terminated.
Mono: successfully reloaded assembly
- Completed reload, in  1.224 seconds
Platform modules already initialized, skipping
Switching build target platform(5) subTarget(0) extendedPlatform(0) -> platform(13) subTarget(537395200) extendedPlatform(0)
Shader 'Universal Render Pipeline/Particles/Lit': fallback shader 'Universal Render Pipeline/Particles/SimpleLit' not found
Refreshing native plugins compatible for Editor in 0.38 ms, found 0 plugins.
Preloading 0 native plugins for Editor in 0.00 ms.
Unloading 2443 Unused Serialized files (Serialized files now loaded: 0)
System memory in use before: 127.9 MB.
System memory in use after: 126.9 MB.

Unloading 30 unused Assets to reduce memory usage. Loaded Objects now: 3613.
Total: 3.072100 ms (FindLiveObjects: 0.293200 ms CreateObjectMapping: 0.093000 ms MarkObjects: 1.977600 ms  DeleteObjects: 0.707100 ms)

AssetImportParameters requested are different than current active one (requested -> active):
  custom:graphics/normal-map-encoding: 01000000000000000000000000000000 -> 02000000000000000000000000000000
========================================================================
Received Import Request.
  Time since last request: 446.913356 seconds.
  path: Assets/SidePartyAssets/FreeAssets/3LE Low Poly Cloud Pack/Models/Cloud_Strato.fbx
  artifactKey: Guid(85c7b36c43c3b5d4bb144cc09fc55f71) Importer(815301076,1909f56bfc062723c751e8b465ee728b)
Start importing Assets/SidePartyAssets/FreeAssets/3LE Low Poly Cloud Pack/Models/Cloud_Strato.fbx using Guid(85c7b36c43c3b5d4bb144cc09fc55f71) Importer(815301076,1909f56bfc062723c751e8b465ee728b)  -> (artifact id: '51a749f6c4e7e714eee46f842d57f35a') in 0.176800 seconds
  Import took 0.182966 seconds .

========================================================================
Received Import Request.
  Time since last request: 0.000381 seconds.
  path: Assets/SidePartyAssets/FreeAssets/3LE Low Poly Cloud Pack/Models/Materials/Clouds_cumulus_puffy.mat
  artifactKey: Guid(4ebb047424c76254d96e701ec6552c7e) Importer(815301076,1909f56bfc062723c751e8b465ee728b)
Start importing Assets/SidePartyAssets/FreeAssets/3LE Low Poly Cloud Pack/Models/Materials/Clouds_cumulus_puffy.mat using Guid(4ebb047424c76254d96e701ec6552c7e) Importer(815301076,1909f56bfc062723c751e8b465ee728b)  -> (artifact id: '8d9c31c58833b50c08941e4ab4a284fe') in 0.019969 seconds
  Import took 0.023478 seconds .

========================================================================
Received Import Request.
  Time since last request: 0.000217 seconds.
  path: Assets/SidePartyAssets/FreeAssets/3LE Low Poly Cloud Pack/Models/Materials/Clouds_Strato.mat
  artifactKey: Guid(3caf37f89b2b5444ca6a473c8a1d70c1) Importer(815301076,1909f56bfc062723c751e8b465ee728b)
Start importing Assets/SidePartyAssets/FreeAssets/3LE Low Poly Cloud Pack/Models/Materials/Clouds_Strato.mat using Guid(3caf37f89b2b5444ca6a473c8a1d70c1) Importer(815301076,1909f56bfc062723c751e8b465ee728b)  -> (artifact id: '87099b670bb58820332b911b7df1e35d') in 0.011546 seconds
  Import took 0.015353 seconds .

========================================================================
Received Import Request.
  Time since last request: 45.263399 seconds.
  path: Assets/SidePartyAssets/FreeAssets/3LE Low Poly Cloud Pack/Prefabs/Clouds_Strato_G2.prefab
  artifactKey: Guid(79f3726e667d7254296b8aef52d0f074) Importer(815301076,1909f56bfc062723c751e8b465ee728b)
Start importing Assets/SidePartyAssets/FreeAssets/3LE Low Poly Cloud Pack/Prefabs/Clouds_Strato_G2.prefab using Guid(79f3726e667d7254296b8aef52d0f074) Importer(815301076,1909f56bfc062723c751e8b465ee728b)  -> (artifact id: '5e49d6ceb802db6fced87245ab6ce41f') in 0.012012 seconds
  Import took 0.016135 seconds .

========================================================================
Received Import Request.
  Time since last request: 0.015443 seconds.
  path: Assets/SidePartyAssets/FreeAssets/3LE Low Poly Cloud Pack/Prefabs/Clouds_Strato_G2.prefab
  artifactKey: Guid(79f3726e667d7254296b8aef52d0f074) Importer(815301076,1909f56bfc062723c751e8b465ee728b)
Start importing Assets/SidePartyAssets/FreeAssets/3LE Low Poly Cloud Pack/Prefabs/Clouds_Strato_G2.prefab using Guid(79f3726e667d7254296b8aef52d0f074) Importer(815301076,1909f56bfc062723c751e8b465ee728b)  -> (artifact id: '5e49d6ceb802db6fced87245ab6ce41f') in 0.008635 seconds
  Import took 0.012750 seconds .

========================================================================
Received Import Request.
  Time since last request: 6.977843 seconds.
  path: Assets/SidePartyAssets/FreeAssets/3LE Low Poly Cloud Pack/Prefabs/Clouds_Strato_G1.prefab
  artifactKey: Guid(9ee1a2ad264aa2040bef16ca093d6046) Importer(815301076,1909f56bfc062723c751e8b465ee728b)
Start importing Assets/SidePartyAssets/FreeAssets/3LE Low Poly Cloud Pack/Prefabs/Clouds_Strato_G1.prefab using Guid(9ee1a2ad264aa2040bef16ca093d6046) Importer(815301076,1909f56bfc062723c751e8b465ee728b)  -> (artifact id: '11a49f50f595650a28438ba1bd7caddb') in 0.011461 seconds
  Import took 0.015471 seconds .

========================================================================
Received Import Request.
  Time since last request: 0.016565 seconds.
  path: Assets/SidePartyAssets/FreeAssets/3LE Low Poly Cloud Pack/Prefabs/Clouds_Strato_G1.prefab
  artifactKey: Guid(9ee1a2ad264aa2040bef16ca093d6046) Importer(815301076,1909f56bfc062723c751e8b465ee728b)
Start importing Assets/SidePartyAssets/FreeAssets/3LE Low Poly Cloud Pack/Prefabs/Clouds_Strato_G1.prefab using Guid(9ee1a2ad264aa2040bef16ca093d6046) Importer(815301076,1909f56bfc062723c751e8b465ee728b)  -> (artifact id: '11a49f50f595650a28438ba1bd7caddb') in 0.008281 seconds
  Import took 0.011981 seconds .

========================================================================
Received Prepare
Registering precompiled user dll's ...
Registered in 0.001837 seconds.
Begin MonoManager ReloadAssembly
Native extension for WindowsStandalone target not found
Native extension for WebGL target not found
Refreshing native plugins compatible for Editor in 0.37 ms, found 0 plugins.
Preloading 0 native plugins for Editor in 0.00 ms.
Invoked RoslynAnalysisRunner static constructor.
RoslynAnalysisRunner will not be running.
RoslynAnalysisRunner has terminated.
Mono: successfully reloaded assembly
- Completed reload, in  0.982 seconds
Platform modules already initialized, skipping
Switching build target platform(5) subTarget(0) extendedPlatform(0) -> platform(13) subTarget(537395200) extendedPlatform(0)
Shader 'Universal Render Pipeline/Particles/Lit': fallback shader 'Universal Render Pipeline/Particles/SimpleLit' not found
Refreshing native plugins compatible for Editor in 0.43 ms, found 0 plugins.
Preloading 0 native plugins for Editor in 0.00 ms.
Unloading 2443 Unused Serialized files (Serialized files now loaded: 0)
System memory in use before: 128.3 MB.
System memory in use after: 127.2 MB.

Unloading 30 unused Assets to reduce memory usage. Loaded Objects now: 3655.
Total: 3.529600 ms (FindLiveObjects: 0.388700 ms CreateObjectMapping: 0.124200 ms MarkObjects: 2.167900 ms  DeleteObjects: 0.847700 ms)

AssetImportParameters requested are different than current active one (requested -> active):
  custom:graphics/normal-map-encoding: 01000000000000000000000000000000 -> 02000000000000000000000000000000
AssetImportWorkerClient::OnTransportError - code=2 error=End of file
